2017-02-19 12:46:48,199 INFO  [Class] - Server launched
2017-02-19 12:46:48,223 WARN  [Class] - file with settings not found. New empty file created
2017-02-19 13:05:36,656 ERROR [Class] - Error getting data from socket
java.net.SocketException: Connection reset
	at java.net.SocketInputStream.read(SocketInputStream.java:209)
	at java.net.SocketInputStream.read(SocketInputStream.java:141)
	at java.net.SocketInputStream.read(SocketInputStream.java:223)
	at java.io.DataInputStream.readInt(DataInputStream.java:387)
	at chess.services.xmlService.XMLReceiver$XMLInputStream.receive(XMLReceiver.java:47)
	at chess.services.xmlService.XMLReceiver.receive(XMLReceiver.java:62)
	at chess.controller.Controller.run(Controller.java:143)
2017-02-19 13:05:36,678 ERROR [Class] - Error getting data from socket
java.net.SocketException: Connection reset
	at java.net.SocketInputStream.read(SocketInputStream.java:209)
	at java.net.SocketInputStream.read(SocketInputStream.java:141)
	at java.net.SocketInputStream.read(SocketInputStream.java:223)
	at java.io.DataInputStream.readInt(DataInputStream.java:387)
	at chess.services.xmlService.XMLReceiver$XMLInputStream.receive(XMLReceiver.java:47)
	at chess.services.xmlService.XMLReceiver.receive(XMLReceiver.java:62)
	at chess.controller.Controller.run(Controller.java:143)
2017-02-19 13:09:23,845 ERROR [Class] - Error getting data from socket
java.net.SocketException: Connection reset
	at java.net.SocketInputStream.read(SocketInputStream.java:209)
	at java.net.SocketInputStream.read(SocketInputStream.java:141)
	at java.net.SocketInputStream.read(SocketInputStream.java:223)
	at java.io.DataInputStream.readInt(DataInputStream.java:387)
	at chess.services.xmlService.XMLReceiver$XMLInputStream.receive(XMLReceiver.java:47)
	at chess.services.xmlService.XMLReceiver.receive(XMLReceiver.java:62)
	at chess.controller.Controller.run(Controller.java:143)
2017-02-19 13:09:51,426 ERROR [Class] - Error sending 4minute 
java.net.SocketException: Socket closed
	at java.net.SocketOutputStream.socketWrite(SocketOutputStream.java:116)
	at java.net.SocketOutputStream.write(SocketOutputStream.java:132)
	at java.io.DataOutputStream.writeInt(DataOutputStream.java:197)
	at chess.services.xmlService.XMLSender$XMLOutputStream.send(XMLSender.java:40)
	at chess.services.xmlService.XMLSender.send(XMLSender.java:59)
	at chess.services.xmlService.XMLSender.send(XMLSender.java:76)
	at chess.controller.Controller$1.run(Controller.java:120)
2017-02-19 13:10:51,438 ERROR [Class] - Error sending 5minute 
java.net.SocketException: Socket closed
	at java.net.SocketOutputStream.socketWrite(SocketOutputStream.java:116)
	at java.net.SocketOutputStream.write(SocketOutputStream.java:132)
	at java.io.DataOutputStream.writeInt(DataOutputStream.java:197)
	at chess.services.xmlService.XMLSender$XMLOutputStream.send(XMLSender.java:40)
	at chess.services.xmlService.XMLSender.send(XMLSender.java:59)
	at chess.services.xmlService.XMLSender.send(XMLSender.java:76)
	at chess.controller.Controller$1.run(Controller.java:109)
